[0927/120749.918:ERROR:process_reader_win.cc(151)] SuspendThread: Accès refusé. (0x5)
[0927/120750.176:ERROR:process_reader_win.cc(151)] SuspendThread: Accès refusé. (0x5)
[0927/140358.556:ERROR:process_reader_win.cc(151)] SuspendThread: Accès refusé. (0x5)
[0927/140358.558:ERROR:process_reader_win.cc(151)] SuspendThread: Accès refusé. (0x5)
[0927/140358.722:ERROR:process_reader_win.cc(151)] SuspendThread: Accès refusé. (0x5)
[0927/140358.722:ERROR:exception_snapshot_win.cc(99)] thread ID 24752 not found in process
[0927/140358.722:ERROR:scoped_process_suspend.cc(40)] NtResumeProcess: Tentative d’accès à un processus en cours d’arrêt. (0xc000010a)
[0927/151109.129:ERROR:process_reader_win.cc(151)] SuspendThread: Accès refusé. (0x5)
[0927/151109.132:ERROR:process_reader_win.cc(151)] SuspendThread: Accès refusé. (0x5)
[0927/151109.351:ERROR:process_reader_win.cc(151)] SuspendThread: Accès refusé. (0x5)
[0927/151109.352:ERROR:process_reader_win.cc(151)] SuspendThread: Accès refusé. (0x5)
[0927/151109.540:ERROR:process_reader_win.cc(151)] SuspendThread: Accès refusé. (0x5)
[0927/151109.541:ERROR:process_reader_win.cc(151)] SuspendThread: Accès refusé. (0x5)
[0927/172804.137:ERROR:process_reader_win.cc(151)] SuspendThread: Accès refusé. (0x5)
[0927/172804.140:ERROR:process_reader_win.cc(151)] SuspendThread: Accès refusé. (0x5)
[0927/172804.378:ERROR:process_reader_win.cc(151)] SuspendThread: Accès refusé. (0x5)
[0927/172804.378:ERROR:process_reader_win.cc(151)] SuspendThread: Accès refusé. (0x5)
[0927/172804.378:ERROR:process_reader_win.cc(151)] SuspendThread: Accès refusé. (0x5)
[0927/172804.378:ERROR:process_reader_win.cc(151)] SuspendThread: Accès refusé. (0x5)
[0927/172804.378:ERROR:process_reader_win.cc(151)] SuspendThread: Accès refusé. (0x5)
[0927/172804.378:ERROR:process_reader_win.cc(151)] SuspendThread: Accès refusé. (0x5)
[0927/172804.378:ERROR:process_reader_win.cc(151)] SuspendThread: Accès refusé. (0x5)
[0927/172804.378:ERROR:process_reader_win.cc(151)] SuspendThread: Accès refusé. (0x5)
[0927/172804.378:ERROR:process_reader_win.cc(151)] SuspendThread: Accès refusé. (0x5)
[0927/172804.378:ERROR:process_reader_win.cc(151)] SuspendThread: Accès refusé. (0x5)
[0927/172804.561:ERROR:process_reader_win.cc(151)] SuspendThread: Accès refusé. (0x5)
[0927/172804.561:ERROR:process_reader_win.cc(151)] SuspendThread: Accès refusé. (0x5)
[0927/172804.561:ERROR:process_reader_win.cc(151)] SuspendThread: Accès refusé. (0x5)
[0927/172804.561:ERROR:process_reader_win.cc(151)] SuspendThread: Accès refusé. (0x5)
[0927/172804.561:ERROR:process_reader_win.cc(151)] SuspendThread: Accès refusé. (0x5)
[0927/172804.561:ERROR:process_reader_win.cc(151)] SuspendThread: Accès refusé. (0x5)
[0927/172804.561:ERROR:process_reader_win.cc(151)] SuspendThread: Accès refusé. (0x5)
[0927/172804.561:ERROR:process_reader_win.cc(151)] SuspendThread: Accès refusé. (0x5)
[0927/172804.561:ERROR:process_reader_win.cc(151)] SuspendThread: Accès refusé. (0x5)
[0927/172804.561:ERROR:process_reader_win.cc(151)] SuspendThread: Accès refusé. (0x5)
[0927/172804.763:ERROR:process_reader_win.cc(151)] SuspendThread: Accès refusé. (0x5)
[0927/172804.763:ERROR:process_reader_win.cc(151)] SuspendThread: Accès refusé. (0x5)
[0927/172804.964:ERROR:process_reader_win.cc(151)] SuspendThread: Accès refusé. (0x5)
[0927/172804.964:ERROR:process_reader_win.cc(151)] SuspendThread: Accès refusé. (0x5)
[0927/172805.165:ERROR:process_reader_win.cc(151)] SuspendThread: Accès refusé. (0x5)
[0927/172805.165:ERROR:process_reader_win.cc(151)] SuspendThread: Accès refusé. (0x5)
[0927/172805.165:ERROR:process_reader_win.cc(151)] SuspendThread: Accès refusé. (0x5)
[0927/172805.165:ERROR:process_reader_win.cc(151)] SuspendThread: Accès refusé. (0x5)
[0927/172805.165:ERROR:process_reader_win.cc(151)] SuspendThread: Accès refusé. (0x5)
[0927/172805.165:ERROR:process_reader_win.cc(151)] SuspendThread: Accès refusé. (0x5)
[0927/172805.165:ERROR:process_reader_win.cc(151)] SuspendThread: Accès refusé. (0x5)
[0927/172805.165:ERROR:process_reader_win.cc(151)] SuspendThread: Accès refusé. (0x5)
[0927/172805.165:ERROR:process_reader_win.cc(151)] SuspendThread: Accès refusé. (0x5)
[0927/172805.359:ERROR:process_reader_win.cc(151)] SuspendThread: Accès refusé. (0x5)
[0927/172805.360:ERROR:process_reader_win.cc(151)] SuspendThread: Accès refusé. (0x5)
[0927/172805.712:ERROR:process_reader_win.cc(151)] SuspendThread: Accès refusé. (0x5)
[0927/172805.712:ERROR:process_reader_win.cc(151)] SuspendThread: Accès refusé. (0x5)
[0927/172805.909:ERROR:process_reader_win.cc(151)] SuspendThread: Accès refusé. (0x5)
[0927/172805.909:ERROR:process_reader_win.cc(151)] SuspendThread: Accès refusé. (0x5)
[0927/172806.097:ERROR:process_reader_win.cc(151)] SuspendThread: Accès refusé. (0x5)
[0927/172806.097:ERROR:process_reader_win.cc(151)] SuspendThread: Accès refusé. (0x5)
[0927/172806.288:ERROR:process_reader_win.cc(151)] SuspendThread: Accès refusé. (0x5)
[0927/172806.624:ERROR:process_reader_win.cc(151)] SuspendThread: Accès refusé. (0x5)
[0927/172806.624:ERROR:process_reader_win.cc(151)] SuspendThread: Accès refusé. (0x5)
[0927/172806.960:ERROR:process_reader_win.cc(151)] SuspendThread: Accès refusé. (0x5)
[0927/172806.960:ERROR:process_reader_win.cc(151)] SuspendThread: Accès refusé. (0x5)
[0927/172807.339:ERROR:process_reader_win.cc(151)] SuspendThread: Accès refusé. (0x5)
[0927/172807.339:ERROR:process_reader_win.cc(151)] SuspendThread: Accès refusé. (0x5)
[0927/172807.707:ERROR:process_reader_win.cc(151)] SuspendThread: Accès refusé. (0x5)
[0927/172807.707:ERROR:process_reader_win.cc(151)] SuspendThread: Accès refusé. (0x5)
[0927/172808.106:ERROR:process_reader_win.cc(151)] SuspendThread: Accès refusé. (0x5)
[0927/172808.106:ERROR:process_reader_win.cc(151)] SuspendThread: Accès refusé. (0x5)
[0927/172808.399:ERROR:process_reader_win.cc(151)] SuspendThread: Accès refusé. (0x5)
[0927/172808.399:ERROR:process_reader_win.cc(151)] SuspendThread: Accès refusé. (0x5)
[0927/172809.818:ERROR:process_reader_win.cc(151)] SuspendThread: Accès refusé. (0x5)
[0927/172809.818:ERROR:process_reader_win.cc(151)] SuspendThread: Accès refusé. (0x5)
[0927/172809.818:ERROR:process_reader_win.cc(151)] SuspendThread: Accès refusé. (0x5)
[0927/172809.818:ERROR:process_reader_win.cc(151)] SuspendThread: Accès refusé. (0x5)
[0927/172809.818:ERROR:process_reader_win.cc(151)] SuspendThread: Accès refusé. (0x5)
[0927/172809.818:ERROR:process_reader_win.cc(151)] SuspendThread: Accès refusé. (0x5)
[0927/172809.818:ERROR:process_reader_win.cc(151)] SuspendThread: Accès refusé. (0x5)
[0927/172809.818:ERROR:process_reader_win.cc(151)] SuspendThread: Accès refusé. (0x5)
[0927/172809.818:ERROR:process_reader_win.cc(151)] SuspendThread: Accès refusé. (0x5)
[0927/172809.818:ERROR:process_reader_win.cc(151)] SuspendThread: Accès refusé. (0x5)
[0927/172810.115:ERROR:process_reader_win.cc(151)] SuspendThread: Accès refusé. (0x5)
[0927/180214.902:ERROR:process_reader_win.cc(151)] SuspendThread: Accès refusé. (0x5)
[0927/180214.906:ERROR:process_reader_win.cc(151)] SuspendThread: Accès refusé. (0x5)
[0928/101008.845:ERROR:process_reader_win.cc(151)] SuspendThread: Accès refusé. (0x5)
[0928/101008.847:ERROR:process_reader_win.cc(151)] SuspendThread: Accès refusé. (0x5)
[0928/101009.307:ERROR:process_reader_win.cc(151)] SuspendThread: Accès refusé. (0x5)
[0928/101703.616:ERROR:process_reader_win.cc(151)] SuspendThread: Accès refusé. (0x5)
[0928/101703.621:ERROR:process_reader_win.cc(151)] SuspendThread: Accès refusé. (0x5)
[0928/101703.621:ERROR:process_reader_win.cc(151)] SuspendThread: Accès refusé. (0x5)
[0928/101703.621:ERROR:process_reader_win.cc(151)] SuspendThread: Accès refusé. (0x5)
[0928/101703.621:ERROR:process_reader_win.cc(151)] SuspendThread: Accès refusé. (0x5)
[0928/101703.621:ERROR:process_reader_win.cc(151)] SuspendThread: Accès refusé. (0x5)
[0928/101850.292:ERROR:process_reader_win.cc(151)] SuspendThread: Accès refusé. (0x5)
[0928/101850.495:ERROR:process_reader_win.cc(151)] SuspendThread: Accès refusé. (0x5)
[0928/101850.495:ERROR:process_reader_win.cc(151)] SuspendThread: Accès refusé. (0x5)
[0928/101850.762:ERROR:process_reader_win.cc(151)] SuspendThread: Accès refusé. (0x5)
[0928/101850.762:ERROR:process_reader_win.cc(151)] SuspendThread: Accès refusé. (0x5)
[0928/101851.183:ERROR:scoped_process_suspend.cc(40)] NtResumeProcess: Tentative d’accès à un processus en cours d’arrêt. (0xc000010a)
[0928/122304.824:ERROR:process_reader_win.cc(151)] SuspendThread: Accès refusé. (0x5)
[0928/122305.181:ERROR:process_reader_win.cc(151)] SuspendThread: Accès refusé. (0x5)
[0928/122305.181:ERROR:process_reader_win.cc(151)] SuspendThread: Accès refusé. (0x5)
[0928/122305.181:ERROR:process_reader_win.cc(151)] SuspendThread: Accès refusé. (0x5)
[0928/122305.442:ERROR:process_reader_win.cc(151)] SuspendThread: Accès refusé. (0x5)
[0928/122305.442:ERROR:process_reader_win.cc(151)] SuspendThread: Accès refusé. (0x5)
[0928/122305.742:ERROR:process_reader_win.cc(151)] SuspendThread: Accès refusé. (0x5)
[0928/122305.743:ERROR:process_reader_win.cc(151)] SuspendThread: Accès refusé. (0x5)
[0928/122305.743:ERROR:process_reader_win.cc(151)] SuspendThread: Accès refusé. (0x5)
[0928/122306.134:ERROR:process_memory_win.cc(73)] ReadMemory at 0x50c4b00000 of 1048576 bytes failed: Seule une partie d’une requête ReadProcessMemory ou WriteProcessMemory a été effectuée. (0x12B)
[0928/122306.137:ERROR:process_memory_win.cc(73)] ReadMemory at 0x50c32e3000 of 852 bytes failed: Seule une partie d’une requête ReadProcessMemory ou WriteProcessMemory a été effectuée. (0x12B)
[0928/122306.137:ERROR:process_memory_win.cc(73)] ReadMemory at 0x50c330a000 of 6024 bytes failed: Seule une partie d’une requête ReadProcessMemory ou WriteProcessMemory a été effectuée. (0x12B)
[0928/122306.137:ERROR:process_memory_win.cc(73)] ReadMemory at 0x15958120fe0 of 27540 bytes failed: Seule une partie d’une requête ReadProcessMemory ou WriteProcessMemory a été effectuée. (0x12B)
[0928/122306.137:ERROR:process_memory_win.cc(73)] ReadMemory at 0x15958127b80 of 1012 bytes failed: Seule une partie d’une requête ReadProcessMemory ou WriteProcessMemory a été effectuée. (0x12B)
[0928/122306.138:ERROR:process_memory_win.cc(73)] ReadMemory at 0x159581281c8 of 118 bytes failed: Seule une partie d’une requête ReadProcessMemory ou WriteProcessMemory a été effectuée. (0x12B)
[0928/122306.138:ERROR:process_memory_win.cc(73)] ReadMemory at 0x15958128240 of 1000 bytes failed: Seule une partie d’une requête ReadProcessMemory ou WriteProcessMemory a été effectuée. (0x12B)
[0928/122306.138:ERROR:process_memory_win.cc(73)] ReadMemory at 0x1595812862a of 118 bytes failed: Seule une partie d’une requête ReadProcessMemory ou WriteProcessMemory a été effectuée. (0x12B)
[0928/122306.138:ERROR:process_memory_win.cc(73)] ReadMemory at 0x159581286a2 of 98 bytes failed: Seule une partie d’une requête ReadProcessMemory ou WriteProcessMemory a été effectuée. (0x12B)
[0928/122306.138:ERROR:process_memory_win.cc(73)] ReadMemory at 0x15958128710 of 58 bytes failed: Seule une partie d’une requête ReadProcessMemory ou WriteProcessMemory a été effectuée. (0x12B)
[0928/122306.138:ERROR:process_memory_win.cc(73)] ReadMemory at 0x15958128810 of 132 bytes failed: Seule une partie d’une requête ReadProcessMemory ou WriteProcessMemory a été effectuée. (0x12B)
[0928/122306.139:ERROR:process_memory_win.cc(73)] ReadMemory at 0x159581289a0 of 132 bytes failed: Seule une partie d’une requête ReadProcessMemory ou WriteProcessMemory a été effectuée. (0x12B)
[0928/122306.139:ERROR:process_memory_win.cc(73)] ReadMemory at 0x15958128b60 of 126 bytes failed: Seule une partie d’une requête ReadProcessMemory ou WriteProcessMemory a été effectuée. (0x12B)
[0928/122306.139:ERROR:process_memory_win.cc(73)] ReadMemory at 0x15958128f40 of 132 bytes failed: Seule une partie d’une requête ReadProcessMemory ou WriteProcessMemory a été effectuée. (0x12B)
[0928/122306.139:ERROR:process_memory_win.cc(73)] ReadMemory at 0x159581290d0 of 64 bytes failed: Seule une partie d’une requête ReadProcessMemory ou WriteProcessMemory a été effectuée. (0x12B)
[0928/122306.139:ERROR:process_memory_win.cc(73)] ReadMemory at 0x15958129290 of 132 bytes failed: Seule une partie d’une requête ReadProcessMemory ou WriteProcessMemory a été effectuée. (0x12B)
[0928/122306.139:ERROR:process_memory_win.cc(73)] ReadMemory at 0x15958129530 of 132 bytes failed: Seule une partie d’une requête ReadProcessMemory ou WriteProcessMemory a été effectuée. (0x12B)
[0928/122306.140:ERROR:process_memory_win.cc(73)] ReadMemory at 0x159581296c0 of 68 bytes failed: Seule une partie d’une requête ReadProcessMemory ou WriteProcessMemory a été effectuée. (0x12B)
[0928/122306.140:ERROR:process_memory_win.cc(73)] ReadMemory at 0x1595812a800 of 132 bytes failed: Seule une partie d’une requête ReadProcessMemory ou WriteProcessMemory a été effectuée. (0x12B)
[0928/122306.140:ERROR:process_memory_win.cc(73)] ReadMemory at 0x1595812a990 of 154 bytes failed: Seule une partie d’une requête ReadProcessMemory ou WriteProcessMemory a été effectuée. (0x12B)
[0928/122306.140:ERROR:process_memory_win.cc(73)] ReadMemory at 0x1595812b780 of 62 bytes failed: Seule une partie d’une requête ReadProcessMemory ou WriteProcessMemory a été effectuée. (0x12B)
[0928/122306.140:ERROR:process_memory_win.cc(73)] ReadMemory at 0x1595812b8b0 of 132 bytes failed: Seule une partie d’une requête ReadProcessMemory ou WriteProcessMemory a été effectuée. (0x12B)
[0928/122306.140:ERROR:process_memory_win.cc(73)] ReadMemory at 0x1595812ba40 of 60 bytes failed: Seule une partie d’une requête ReadProcessMemory ou WriteProcessMemory a été effectuée. (0x12B)
[0928/122306.140:ERROR:process_memory_win.cc(73)] ReadMemory at 0x159581386b0 of 62 bytes failed: Seule une partie d’une requête ReadProcessMemory ou WriteProcessMemory a été effectuée. (0x12B)
[0928/122306.140:ERROR:process_memory_win.cc(73)] ReadMemory at 0x1595813c66c of 512 bytes failed: Seule une partie d’une requête ReadProcessMemory ou WriteProcessMemory a été effectuée. (0x12B)
[0928/122306.140:ERROR:process_memory_win.cc(73)] ReadMemory at 0x1595813ef40 of 54 bytes failed: Seule une partie d’une requête ReadProcessMemory ou WriteProcessMemory a été effectuée. (0x12B)
[0928/122306.141:ERROR:process_memory_win.cc(73)] ReadMemory at 0x15958144a00 of 132 bytes failed: Seule une partie d’une requête ReadProcessMemory ou WriteProcessMemory a été effectuée. (0x12B)
[0928/122306.141:ERROR:process_memory_win.cc(73)] ReadMemory at 0x15958144ea0 of 132 bytes failed: Seule une partie d’une requête ReadProcessMemory ou WriteProcessMemory a été effectuée. (0x12B)
[0928/122306.141:ERROR:process_memory_win.cc(73)] ReadMemory at 0x15958145020 of 132 bytes failed: Seule une partie d’une requête ReadProcessMemory ou WriteProcessMemory a été effectuée. (0x12B)
[0928/122306.141:ERROR:process_memory_win.cc(73)] ReadMemory at 0x15958145150 of 132 bytes failed: Seule une partie d’une requête ReadProcessMemory ou WriteProcessMemory a été effectuée. (0x12B)
[0928/122306.141:ERROR:process_memory_win.cc(73)] ReadMemory at 0x15958145280 of 132 bytes failed: Seule une partie d’une requête ReadProcessMemory ou WriteProcessMemory a été effectuée. (0x12B)
[0928/122306.141:ERROR:process_memory_win.cc(73)] ReadMemory at 0x159581453b0 of 132 bytes failed: Seule une partie d’une requête ReadProcessMemory ou WriteProcessMemory a été effectuée. (0x12B)
[0928/122306.141:ERROR:process_memory_win.cc(73)] ReadMemory at 0x159581454e0 of 132 bytes failed: Seule une partie d’une requête ReadProcessMemory ou WriteProcessMemory a été effectuée. (0x12B)
[0928/122306.141:ERROR:process_memory_win.cc(73)] ReadMemory at 0x15958145610 of 132 bytes failed: Seule une partie d’une requête ReadProcessMemory ou WriteProcessMemory a été effectuée. (0x12B)
[0928/122306.142:ERROR:process_memory_win.cc(73)] ReadMemory at 0x15958145870 of 132 bytes failed: Seule une partie d’une requête ReadProcessMemory ou WriteProcessMemory a été effectuée. (0x12B)
[0928/122306.142:ERROR:process_memory_win.cc(73)] ReadMemory at 0x159581459a0 of 132 bytes failed: Seule une partie d’une requête ReadProcessMemory ou WriteProcessMemory a été effectuée. (0x12B)
[0928/122306.142:ERROR:process_memory_win.cc(73)] ReadMemory at 0x15958145ad0 of 132 bytes failed: Seule une partie d’une requête ReadProcessMemory ou WriteProcessMemory a été effectuée. (0x12B)
[0928/122306.142:ERROR:process_memory_win.cc(73)] ReadMemory at 0x15958145c00 of 132 bytes failed: Seule une partie d’une requête ReadProcessMemory ou WriteProcessMemory a été effectuée. (0x12B)
[0928/122306.142:ERROR:process_memory_win.cc(73)] ReadMemory at 0x15958145d30 of 132 bytes failed: Seule une partie d’une requête ReadProcessMemory ou WriteProcessMemory a été effectuée. (0x12B)
[0928/122306.142:ERROR:process_memory_win.cc(73)] ReadMemory at 0x15958145e60 of 132 bytes failed: Seule une partie d’une requête ReadProcessMemory ou WriteProcessMemory a été effectuée. (0x12B)
[0928/122306.142:ERROR:process_memory_win.cc(73)] ReadMemory at 0x15958147df0 of 132 bytes failed: Seule une partie d’une requête ReadProcessMemory ou WriteProcessMemory a été effectuée. (0x12B)
[0928/122306.142:ERROR:process_memory_win.cc(73)] ReadMemory at 0x1595814c620 of 80 bytes failed: Seule une partie d’une requête ReadProcessMemory ou WriteProcessMemory a été effectuée. (0x12B)
[0928/122306.143:ERROR:process_memory_win.cc(73)] ReadMemory at 0x1595814d590 of 132 bytes failed: Seule une partie d’une requête ReadProcessMemory ou WriteProcessMemory a été effectuée. (0x12B)
[0928/122306.143:ERROR:process_memory_win.cc(73)] ReadMemory at 0x1595814da10 of 132 bytes failed: Seule une partie d’une requête ReadProcessMemory ou WriteProcessMemory a été effectuée. (0x12B)
[0928/122306.143:ERROR:process_memory_win.cc(73)] ReadMemory at 0x1595814e000 of 76 bytes failed: Seule une partie d’une requête ReadProcessMemory ou WriteProcessMemory a été effectuée. (0x12B)
[0928/122306.143:ERROR:process_memory_win.cc(73)] ReadMemory at 0x1595814e600 of 80 bytes failed: Seule une partie d’une requête ReadProcessMemory ou WriteProcessMemory a été effectuée. (0x12B)
[0928/122306.143:ERROR:process_memory_win.cc(73)] ReadMemory at 0x15958150190 of 62 bytes failed: Seule une partie d’une requête ReadProcessMemory ou WriteProcessMemory a été effectuée. (0x12B)
[0928/122306.143:ERROR:process_memory_win.cc(73)] ReadMemory at 0x159581501e0 of 62 bytes failed: Seule une partie d’une requête ReadProcessMemory ou WriteProcessMemory a été effectuée. (0x12B)
[0928/122306.143:ERROR:process_memory_win.cc(73)] ReadMemory at 0x15958150230 of 64 bytes failed: Seule une partie d’une requête ReadProcessMemory ou WriteProcessMemory a été effectuée. (0x12B)
[0928/122306.143:ERROR:process_memory_win.cc(73)] ReadMemory at 0x159581502d0 of 60 bytes failed: Seule une partie d’une requête ReadProcessMemory ou WriteProcessMemory a été effectuée. (0x12B)
[0928/122306.143:ERROR:process_memory_win.cc(73)] ReadMemory at 0x15958150320 of 62 bytes failed: Seule une partie d’une requête ReadProcessMemory ou WriteProcessMemory a été effectuée. (0x12B)
[0928/122306.144:ERROR:process_memory_win.cc(73)] ReadMemory at 0x15958150460 of 64 bytes failed: Seule une partie d’une requête ReadProcessMemory ou WriteProcessMemory a été effectuée. (0x12B)
[0928/122306.144:ERROR:process_memory_win.cc(73)] ReadMemory at 0x159581505a0 of 60 bytes failed: Seule une partie d’une requête ReadProcessMemory ou WriteProcessMemory a été effectuée. (0x12B)
[0928/122306.144:ERROR:process_memory_win.cc(73)] ReadMemory at 0x159581505f0 of 64 bytes failed: Seule une partie d’une requête ReadProcessMemory ou WriteProcessMemory a été effectuée. (0x12B)
[0928/122306.144:ERROR:process_memory_win.cc(73)] ReadMemory at 0x15958150690 of 62 bytes failed: Seule une partie d’une requête ReadProcessMemory ou WriteProcessMemory a été effectuée. (0x12B)
[0928/122306.144:ERROR:process_memory_win.cc(73)] ReadMemory at 0x159581506e0 of 64 bytes failed: Seule une partie d’une requête ReadProcessMemory ou WriteProcessMemory a été effectuée. (0x12B)
[0928/122306.144:ERROR:process_memory_win.cc(73)] ReadMemory at 0x15958150730 of 60 bytes failed: Seule une partie d’une requête ReadProcessMemory ou WriteProcessMemory a été effectuée. (0x12B)
[0928/122306.144:ERROR:process_memory_win.cc(73)] ReadMemory at 0x15958150780 of 62 bytes failed: Seule une partie d’une requête ReadProcessMemory ou WriteProcessMemory a été effectuée. (0x12B)
[0928/122306.144:ERROR:process_memory_win.cc(73)] ReadMemory at 0x15958150870 of 62 bytes failed: Seule une partie d’une requête ReadProcessMemory ou WriteProcessMemory a été effectuée. (0x12B)
[0928/122306.145:ERROR:process_memory_win.cc(73)] ReadMemory at 0x159581508c0 of 64 bytes failed: Seule une partie d’une requête ReadProcessMemory ou WriteProcessMemory a été effectuée. (0x12B)
[0928/122306.145:ERROR:process_memory_win.cc(73)] ReadMemory at 0x15958150960 of 66 bytes failed: Seule une partie d’une requête ReadProcessMemory ou WriteProcessMemory a été effectuée. (0x12B)
[0928/122306.145:ERROR:process_memory_win.cc(73)] ReadMemory at 0x15958150a50 of 62 bytes failed: Seule une partie d’une requête ReadProcessMemory ou WriteProcessMemory a été effectuée. (0x12B)
[0928/122306.146:ERROR:process_memory_win.cc(73)] ReadMemory at 0x15958150c80 of 62 bytes failed: Seule une partie d’une requête ReadProcessMemory ou WriteProcessMemory a été effectuée. (0x12B)
[0928/122306.146:ERROR:process_memory_win.cc(73)] ReadMemory at 0x15958150cd0 of 60 bytes failed: Seule une partie d’une requête ReadProcessMemory ou WriteProcessMemory a été effectuée. (0x12B)
[0928/122306.146:ERROR:process_memory_win.cc(73)] ReadMemory at 0x15958150d20 of 60 bytes failed: Seule une partie d’une requête ReadProcessMemory ou WriteProcessMemory a été effectuée. (0x12B)
[0928/122306.146:ERROR:process_memory_win.cc(73)] ReadMemory at 0x15958150d70 of 66 bytes failed: Seule une partie d’une requête ReadProcessMemory ou WriteProcessMemory a été effectuée. (0x12B)
[0928/122306.147:ERROR:process_memory_win.cc(73)] ReadMemory at 0x15958150f50 of 64 bytes failed: Seule une partie d’une requête ReadProcessMemory ou WriteProcessMemory a été effectuée. (0x12B)
[0928/122306.147:ERROR:process_memory_win.cc(73)] ReadMemory at 0x15958150fa0 of 58 bytes failed: Seule une partie d’une requête ReadProcessMemory ou WriteProcessMemory a été effectuée. (0x12B)
[0928/122306.147:ERROR:process_memory_win.cc(73)] ReadMemory at 0x15958150ff0 of 62 bytes failed: Seule une partie d’une requête ReadProcessMemory ou WriteProcessMemory a été effectuée. (0x12B)
[0928/122306.148:ERROR:process_memory_win.cc(73)] ReadMemory at 0x15958151040 of 64 bytes failed: Seule une partie d’une requête ReadProcessMemory ou WriteProcessMemory a été effectuée. (0x12B)
[0928/122306.148:ERROR:process_memory_win.cc(73)] ReadMemory at 0x15958151090 of 64 bytes failed: Seule une partie d’une requête ReadProcessMemory ou WriteProcessMemory a été effectuée. (0x12B)
[0928/122306.148:ERROR:process_memory_win.cc(73)] ReadMemory at 0x159581510e0 of 60 bytes failed: Seule une partie d’une requête ReadProcessMemory ou WriteProcessMemory a été effectuée. (0x12B)
[0928/122306.148:ERROR:process_memory_win.cc(73)] ReadMemory at 0x15958151370 of 132 bytes failed: Seule une partie d’une requête ReadProcessMemory ou WriteProcessMemory a été effectuée. (0x12B)
[0928/122306.148:ERROR:process_memory_win.cc(73)] ReadMemory at 0x159581549e0 of 132 bytes failed: Seule une partie d’une requête ReadProcessMemory ou WriteProcessMemory a été effectuée. (0x12B)
[0928/122306.148:ERROR:process_memory_win.cc(73)] ReadMemory at 0x15958154ea0 of 146 bytes failed: Seule une partie d’une requête ReadProcessMemory ou WriteProcessMemory a été effectuée. (0x12B)
[0928/122306.149:ERROR:process_memory_win.cc(73)] ReadMemory at 0x15958156a40 of 132 bytes failed: Seule une partie d’une requête ReadProcessMemory ou WriteProcessMemory a été effectuée. (0x12B)
[0928/122306.149:ERROR:process_memory_win.cc(73)] ReadMemory at 0x15958156c60 of 132 bytes failed: Seule une partie d’une requête ReadProcessMemory ou WriteProcessMemory a été effectuée. (0x12B)
[0928/122306.149:ERROR:process_memory_win.cc(73)] ReadMemory at 0x159581573b0 of 132 bytes failed: Seule une partie d’une requête ReadProcessMemory ou WriteProcessMemory a été effectuée. (0x12B)
[0928/122306.149:ERROR:process_memory_win.cc(73)] ReadMemory at 0x15958157740 of 132 bytes failed: Seule une partie d’une requête ReadProcessMemory ou WriteProcessMemory a été effectuée. (0x12B)
[0928/122306.149:ERROR:process_memory_win.cc(73)] ReadMemory at 0x15958157870 of 132 bytes failed: Seule une partie d’une requête ReadProcessMemory ou WriteProcessMemory a été effectuée. (0x12B)
[0928/122306.149:ERROR:process_memory_win.cc(73)] ReadMemory at 0x159581579a0 of 132 bytes failed: Seule une partie d’une requête ReadProcessMemory ou WriteProcessMemory a été effectuée. (0x12B)
[0928/122306.149:ERROR:process_memory_win.cc(73)] ReadMemory at 0x15958157c00 of 132 bytes failed: Seule une partie d’une requête ReadProcessMemory ou WriteProcessMemory a été effectuée. (0x12B)
[0928/122306.149:ERROR:process_memory_win.cc(73)] ReadMemory at 0x15958157d30 of 132 bytes failed: Seule une partie d’une requête ReadProcessMemory ou WriteProcessMemory a été effectuée. (0x12B)
[0928/122306.149:ERROR:process_memory_win.cc(73)] ReadMemory at 0x15958157e60 of 132 bytes failed: Seule une partie d’une requête ReadProcessMemory ou WriteProcessMemory a été effectuée. (0x12B)
[0928/122306.150:ERROR:process_memory_win.cc(73)] ReadMemory at 0x159581581f0 of 132 bytes failed: Seule une partie d’une requête ReadProcessMemory ou WriteProcessMemory a été effectuée. (0x12B)
[0928/122306.150:ERROR:process_memory_win.cc(73)] ReadMemory at 0x15958158320 of 132 bytes failed: Seule une partie d’une requête ReadProcessMemory ou WriteProcessMemory a été effectuée. (0x12B)
[0928/122306.150:ERROR:process_memory_win.cc(73)] ReadMemory at 0x15958158a40 of 132 bytes failed: Seule une partie d’une requête ReadProcessMemory ou WriteProcessMemory a été effectuée. (0x12B)
[0928/122306.150:ERROR:process_memory_win.cc(73)] ReadMemory at 0x15958158ca0 of 132 bytes failed: Seule une partie d’une requête ReadProcessMemory ou WriteProcessMemory a été effectuée. (0x12B)
[0928/122306.150:ERROR:process_memory_win.cc(73)] ReadMemory at 0x7ffdbc9a0000 of 384 bytes failed: Seule une partie d’une requête ReadProcessMemory ou WriteProcessMemory a été effectuée. (0x12B)
[0928/122306.150:ERROR:process_memory_win.cc(73)] ReadMemory at 0x7ffdbd10d7c0 of 512 bytes failed: Seule une partie d’une requête ReadProcessMemory ou WriteProcessMemory a été effectuée. (0x12B)
[0928/122306.150:ERROR:process_memory_win.cc(73)] ReadMemory at 0x7ffdc4070584 of 512 bytes failed: Seule une partie d’une requête ReadProcessMemory ou WriteProcessMemory a été effectuée. (0x12B)
[0928/165352.821:ERROR:process_reader_win.cc(151)] SuspendThread: Accès refusé. (0x5)
[0928/165352.871:ERROR:process_reader_win.cc(151)] SuspendThread: Accès refusé. (0x5)
[0928/165353.522:ERROR:process_reader_win.cc(151)] SuspendThread: Accès refusé. (0x5)
[0928/165353.522:ERROR:process_reader_win.cc(151)] SuspendThread: Accès refusé. (0x5)
[0928/165353.522:ERROR:process_reader_win.cc(151)] SuspendThread: Accès refusé. (0x5)
[0928/165353.522:ERROR:process_reader_win.cc(151)] SuspendThread: Accès refusé. (0x5)
[0928/165353.522:ERROR:process_reader_win.cc(151)] SuspendThread: Accès refusé. (0x5)
[0928/165353.522:ERROR:process_reader_win.cc(151)] SuspendThread: Accès refusé. (0x5)
[0928/165353.522:ERROR:process_reader_win.cc(151)] SuspendThread: Accès refusé. (0x5)
[0928/165353.522:ERROR:process_reader_win.cc(151)] SuspendThread: Accès refusé. (0x5)
[0928/165353.522:ERROR:process_reader_win.cc(151)] SuspendThread: Accès refusé. (0x5)
[0928/165353.522:ERROR:process_reader_win.cc(151)] SuspendThread: Accès refusé. (0x5)
[0928/165354.244:ERROR:process_reader_win.cc(151)] SuspendThread: Accès refusé. (0x5)
[0928/165354.593:ERROR:process_reader_win.cc(151)] SuspendThread: Accès refusé. (0x5)
[0928/170650.330:ERROR:process_reader_win.cc(151)] SuspendThread: Accès refusé. (0x5)
[0928/170650.613:ERROR:process_reader_win.cc(151)] SuspendThread: Accès refusé. (0x5)
[0928/171424.878:ERROR:process_reader_win.cc(151)] SuspendThread: Accès refusé. (0x5)
[0928/171425.161:ERROR:process_reader_win.cc(151)] SuspendThread: Accès refusé. (0x5)
[0928/171425.161:ERROR:process_reader_win.cc(151)] SuspendThread: Accès refusé. (0x5)
[0928/171425.161:ERROR:process_reader_win.cc(151)] SuspendThread: Accès refusé. (0x5)
[0928/171425.569:ERROR:process_reader_win.cc(151)] SuspendThread: Accès refusé. (0x5)
[0928/171425.569:ERROR:process_reader_win.cc(151)] SuspendThread: Accès refusé. (0x5)
[0928/171425.569:ERROR:process_reader_win.cc(151)] SuspendThread: Accès refusé. (0x5)
[0928/171425.569:ERROR:process_reader_win.cc(151)] SuspendThread: Accès refusé. (0x5)
[0928/171425.569:ERROR:process_reader_win.cc(151)] SuspendThread: Accès refusé. (0x5)
[0928/171425.569:ERROR:process_reader_win.cc(151)] SuspendThread: Accès refusé. (0x5)
[0928/171425.569:ERROR:process_reader_win.cc(151)] SuspendThread: Accès refusé. (0x5)
[0928/171425.570:ERROR:process_reader_win.cc(151)] SuspendThread: Accès refusé. (0x5)
[0928/171425.570:ERROR:process_reader_win.cc(151)] SuspendThread: Accès refusé. (0x5)
[0928/171425.570:ERROR:process_reader_win.cc(151)] SuspendThread: Accès refusé. (0x5)
[0928/171425.570:ERROR:process_reader_win.cc(151)] SuspendThread: Accès refusé. (0x5)
[0928/171425.779:ERROR:process_reader_win.cc(151)] SuspendThread: Accès refusé. (0x5)
[0928/171425.779:ERROR:process_reader_win.cc(151)] SuspendThread: Accès refusé. (0x5)
[0928/171426.002:ERROR:process_reader_win.cc(151)] SuspendThread: Accès refusé. (0x5)
[0928/171903.224:ERROR:process_reader_win.cc(151)] SuspendThread: Accès refusé. (0x5)
[0928/171903.227:ERROR:process_reader_win.cc(151)] SuspendThread: Accès refusé. (0x5)
[0928/171903.496:ERROR:process_reader_win.cc(151)] SuspendThread: Accès refusé. (0x5)
[0928/173133.542:ERROR:process_reader_win.cc(151)] SuspendThread: Accès refusé. (0x5)
[0928/173133.544:ERROR:process_reader_win.cc(151)] SuspendThread: Accès refusé. (0x5)
[0928/173134.190:ERROR:process_reader_win.cc(151)] SuspendThread: Accès refusé. (0x5)
[0928/173134.190:ERROR:process_reader_win.cc(151)] SuspendThread: Accès refusé. (0x5)
[0928/173134.485:ERROR:process_reader_win.cc(151)] SuspendThread: Accès refusé. (0x5)
[0928/173134.485:ERROR:process_reader_win.cc(151)] SuspendThread: Accès refusé. (0x5)
[0928/173134.485:ERROR:process_reader_win.cc(151)] SuspendThread: Accès refusé. (0x5)
[0928/173134.485:ERROR:process_reader_win.cc(151)] SuspendThread: Accès refusé. (0x5)
[0928/173134.485:ERROR:process_reader_win.cc(151)] SuspendThread: Accès refusé. (0x5)
[0928/173134.485:ERROR:process_reader_win.cc(151)] SuspendThread: Accès refusé. (0x5)
[0928/173134.486:ERROR:process_reader_win.cc(151)] SuspendThread: Accès refusé. (0x5)
[0928/173134.486:ERROR:process_reader_win.cc(151)] SuspendThread: Accès refusé. (0x5)
[0928/173134.486:ERROR:process_reader_win.cc(151)] SuspendThread: Accès refusé. (0x5)
[0928/173134.756:ERROR:process_reader_win.cc(151)] SuspendThread: Accès refusé. (0x5)
[0928/173359.447:ERROR:process_reader_win.cc(151)] SuspendThread: Accès refusé. (0x5)
[0928/173359.449:ERROR:process_reader_win.cc(151)] SuspendThread: Accès refusé. (0x5)
[0928/173359.690:ERROR:process_reader_win.cc(151)] SuspendThread: Accès refusé. (0x5)
[0928/174030.668:ERROR:process_reader_win.cc(151)] SuspendThread: Accès refusé. (0x5)
[0928/174030.670:ERROR:process_reader_win.cc(151)] SuspendThread: Accès refusé. (0x5)
[0928/174030.999:ERROR:process_reader_win.cc(151)] SuspendThread: Accès refusé. (0x5)
[0928/174415.345:ERROR:process_reader_win.cc(151)] SuspendThread: Accès refusé. (0x5)
[0928/174415.347:ERROR:process_reader_win.cc(151)] SuspendThread: Accès refusé. (0x5)
[0928/174415.741:ERROR:process_reader_win.cc(151)] SuspendThread: Accès refusé. (0x5)
[0928/174415.742:ERROR:process_reader_win.cc(151)] SuspendThread: Accès refusé. (0x5)
[0928/174416.183:ERROR:process_reader_win.cc(151)] SuspendThread: Accès refusé. (0x5)
[0928/174416.183:ERROR:process_reader_win.cc(151)] SuspendThread: Accès refusé. (0x5)
[0928/174416.710:ERROR:process_reader_win.cc(151)] SuspendThread: Accès refusé. (0x5)
[0928/175032.515:ERROR:process_reader_win.cc(151)] SuspendThread: Accès refusé. (0x5)
[0928/175032.517:ERROR:process_reader_win.cc(151)] SuspendThread: Accès refusé. (0x5)
[0928/175032.668:ERROR:process_reader_win.cc(151)] SuspendThread: Accès refusé. (0x5)
[0928/175032.865:ERROR:process_reader_win.cc(151)] SuspendThread: Accès refusé. (0x5)
[0928/175239.529:ERROR:process_reader_win.cc(151)] SuspendThread: Accès refusé. (0x5)
[0928/175239.532:ERROR:process_reader_win.cc(151)] SuspendThread: Accès refusé. (0x5)
[0928/175239.971:ERROR:process_reader_win.cc(151)] SuspendThread: Accès refusé. (0x5)
[0928/175239.971:ERROR:process_reader_win.cc(151)] SuspendThread: Accès refusé. (0x5)
[0928/175240.422:ERROR:process_reader_win.cc(151)] SuspendThread: Accès refusé. (0x5)
[0928/175240.733:ERROR:process_reader_win.cc(151)] SuspendThread: Accès refusé. (0x5)
[0928/175408.279:ERROR:process_reader_win.cc(151)] SuspendThread: Accès refusé. (0x5)
[0928/175408.300:ERROR:process_reader_win.cc(151)] SuspendThread: Accès refusé. (0x5)
[0928/175408.301:ERROR:process_reader_win.cc(151)] SuspendThread: Accès refusé. (0x5)
[0928/175408.549:ERROR:process_reader_win.cc(151)] SuspendThread: Accès refusé. (0x5)
[0928/175408.549:ERROR:process_reader_win.cc(151)] SuspendThread: Accès refusé. (0x5)
[0928/175408.549:ERROR:process_reader_win.cc(151)] SuspendThread: Accès refusé. (0x5)
[0928/175408.775:ERROR:process_reader_win.cc(151)] SuspendThread: Accès refusé. (0x5)
[0928/175408.775:ERROR:process_reader_win.cc(151)] SuspendThread: Accès refusé. (0x5)
[0928/175408.775:ERROR:process_reader_win.cc(151)] SuspendThread: Accès refusé. (0x5)
[0928/175409.451:ERROR:process_reader_win.cc(151)] SuspendThread: Accès refusé. (0x5)
[0928/175409.452:ERROR:process_reader_win.cc(151)] SuspendThread: Accès refusé. (0x5)
[0928/175409.452:ERROR:process_reader_win.cc(151)] SuspendThread: Accès refusé. (0x5)
[0928/175409.710:ERROR:process_reader_win.cc(151)] SuspendThread: Accès refusé. (0x5)
[0928/175409.711:ERROR:process_reader_win.cc(151)] SuspendThread: Accès refusé. (0x5)
[0928/175409.711:ERROR:process_reader_win.cc(151)] SuspendThread: Accès refusé. (0x5)
[0928/175409.711:ERROR:process_reader_win.cc(151)] SuspendThread: Accès refusé. (0x5)
[0928/175409.711:ERROR:process_reader_win.cc(151)] SuspendThread: Accès refusé. (0x5)
[0928/175409.711:ERROR:process_reader_win.cc(151)] SuspendThread: Accès refusé. (0x5)
[0928/175409.711:ERROR:process_reader_win.cc(151)] SuspendThread: Accès refusé. (0x5)
[0928/175409.711:ERROR:process_reader_win.cc(151)] SuspendThread: Accès refusé. (0x5)
[0928/175409.711:ERROR:process_reader_win.cc(151)] SuspendThread: Accès refusé. (0x5)
[0928/175409.711:ERROR:process_reader_win.cc(151)] SuspendThread: Accès refusé. (0x5)
[0928/175409.711:ERROR:process_reader_win.cc(151)] SuspendThread: Accès refusé. (0x5)
[0928/175409.711:ERROR:process_reader_win.cc(151)] SuspendThread: Accès refusé. (0x5)
[0928/175409.711:ERROR:process_reader_win.cc(151)] SuspendThread: Accès refusé. (0x5)
[0928/175410.042:ERROR:process_reader_win.cc(151)] SuspendThread: Accès refusé. (0x5)
[0928/175754.304:ERROR:process_reader_win.cc(151)] SuspendThread: Accès refusé. (0x5)
[0928/175754.312:ERROR:process_reader_win.cc(151)] SuspendThread: Accès refusé. (0x5)
[0928/181153.281:ERROR:process_reader_win.cc(151)] SuspendThread: Accès refusé. (0x5)
[0928/181939.723:ERROR:process_reader_win.cc(151)] SuspendThread: Accès refusé. (0x5)
[0928/181939.726:ERROR:process_reader_win.cc(151)] SuspendThread: Accès refusé. (0x5)
[0928/181939.726:ERROR:process_reader_win.cc(151)] SuspendThread: Accès refusé. (0x5)
[0928/181939.726:ERROR:process_reader_win.cc(151)] SuspendThread: Accès refusé. (0x5)
[0928/181939.726:ERROR:process_reader_win.cc(151)] SuspendThread: Accès refusé. (0x5)
[0928/181939.726:ERROR:process_reader_win.cc(151)] SuspendThread: Accès refusé. (0x5)
[0928/181940.034:ERROR:process_reader_win.cc(151)] SuspendThread: Accès refusé. (0x5)
[0928/181940.532:ERROR:process_reader_win.cc(151)] SuspendThread: Accès refusé. (0x5)
[0928/182202.779:ERROR:process_reader_win.cc(151)] SuspendThread: Accès refusé. (0x5)
[0928/182202.786:ERROR:process_reader_win.cc(151)] SuspendThread: Accès refusé. (0x5)
[0928/182203.249:ERROR:process_reader_win.cc(151)] SuspendThread: Accès refusé. (0x5)
[0928/182203.249:ERROR:process_reader_win.cc(151)] SuspendThread: Accès refusé. (0x5)
[0928/182203.627:ERROR:process_reader_win.cc(151)] SuspendThread: Accès refusé. (0x5)
[0928/182203.627:ERROR:process_reader_win.cc(151)] SuspendThread: Accès refusé. (0x5)
[0928/182203.627:ERROR:process_reader_win.cc(151)] SuspendThread: Accès refusé. (0x5)
[0928/182203.627:ERROR:process_reader_win.cc(151)] SuspendThread: Accès refusé. (0x5)
[0928/182203.627:ERROR:process_reader_win.cc(151)] SuspendThread: Accès refusé. (0x5)
[0928/182203.627:ERROR:process_reader_win.cc(151)] SuspendThread: Accès refusé. (0x5)
[0928/182203.627:ERROR:process_reader_win.cc(151)] SuspendThread: Accès refusé. (0x5)
[0928/182203.627:ERROR:process_reader_win.cc(151)] SuspendThread: Accès refusé. (0x5)
[0928/182203.627:ERROR:process_reader_win.cc(151)] SuspendThread: Accès refusé. (0x5)
[0928/182203.627:ERROR:process_reader_win.cc(151)] SuspendThread: Accès refusé. (0x5)
[0928/182203.627:ERROR:process_reader_win.cc(151)] SuspendThread: Accès refusé. (0x5)
[0928/182203.627:ERROR:process_reader_win.cc(151)] SuspendThread: Accès refusé. (0x5)
[0928/182203.627:ERROR:process_reader_win.cc(151)] SuspendThread: Accès refusé. (0x5)
[0928/182204.170:ERROR:process_reader_win.cc(151)] SuspendThread: Accès refusé. (0x5)
[0928/185143.508:ERROR:process_reader_win.cc(151)] SuspendThread: Accès refusé. (0x5)
[0928/185143.510:ERROR:process_reader_win.cc(151)] SuspendThread: Accès refusé. (0x5)
[0928/185143.902:ERROR:process_reader_win.cc(151)] SuspendThread: Accès refusé. (0x5)
[0928/190830.898:ERROR:process_reader_win.cc(151)] SuspendThread: Accès refusé. (0x5)
[0928/190830.905:ERROR:process_reader_win.cc(151)] SuspendThread: Accès refusé. (0x5)
[0928/192758.713:ERROR:process_reader_win.cc(151)] SuspendThread: Accès refusé. (0x5)
[0928/192758.719:ERROR:process_reader_win.cc(151)] SuspendThread: Accès refusé. (0x5)
[0928/192759.044:ERROR:process_reader_win.cc(151)] SuspendThread: Accès refusé. (0x5)
[0928/192759.044:ERROR:process_reader_win.cc(151)] SuspendThread: Accès refusé. (0x5)
[0928/192759.280:ERROR:process_reader_win.cc(151)] SuspendThread: Accès refusé. (0x5)
[0928/192759.565:ERROR:process_reader_win.cc(151)] SuspendThread: Accès refusé. (0x5)
[0928/193025.192:ERROR:process_reader_win.cc(151)] SuspendThread: Accès refusé. (0x5)
[0928/193025.193:ERROR:process_reader_win.cc(151)] SuspendThread: Accès refusé. (0x5)
[0928/193025.747:ERROR:process_reader_win.cc(151)] SuspendThread: Accès refusé. (0x5)
[0928/200344.967:ERROR:process_reader_win.cc(151)] SuspendThread: Accès refusé. (0x5)
[0928/200345.018:ERROR:process_reader_win.cc(151)] SuspendThread: Accès refusé. (0x5)
[0928/200345.615:ERROR:process_reader_win.cc(151)] SuspendThread: Accès refusé. (0x5)
[0928/200345.616:ERROR:process_reader_win.cc(151)] SuspendThread: Accès refusé. (0x5)
[0928/200346.224:ERROR:process_reader_win.cc(151)] SuspendThread: Accès refusé. (0x5)
[0928/224204.019:ERROR:process_reader_win.cc(151)] SuspendThread: Accès refusé. (0x5)
[0928/224204.022:ERROR:process_reader_win.cc(151)] SuspendThread: Accès refusé. (0x5)
[0928/224204.245:ERROR:process_reader_win.cc(151)] SuspendThread: Accès refusé. (0x5)
[0928/224204.246:ERROR:process_reader_win.cc(151)] SuspendThread: Accès refusé. (0x5)
[0928/224204.246:ERROR:process_reader_win.cc(151)] SuspendThread: Accès refusé. (0x5)
[0928/224204.246:ERROR:process_reader_win.cc(151)] SuspendThread: Accès refusé. (0x5)
[0928/224204.246:ERROR:process_reader_win.cc(151)] SuspendThread: Accès refusé. (0x5)
[0928/224204.246:ERROR:process_reader_win.cc(151)] SuspendThread: Accès refusé. (0x5)
[0928/224204.246:ERROR:process_reader_win.cc(151)] SuspendThread: Accès refusé. (0x5)
[0928/224204.246:ERROR:process_reader_win.cc(151)] SuspendThread: Accès refusé. (0x5)
[0928/224204.246:ERROR:process_reader_win.cc(151)] SuspendThread: Accès refusé. (0x5)
[0928/224204.247:ERROR:process_reader_win.cc(151)] SuspendThread: Accès refusé. (0x5)
[0928/224204.491:ERROR:process_reader_win.cc(151)] SuspendThread: Accès refusé. (0x5)
[0928/224204.734:ERROR:process_reader_win.cc(151)] SuspendThread: Accès refusé. (0x5)
[0928/225332.095:ERROR:process_reader_win.cc(151)] SuspendThread: Accès refusé. (0x5)
[0928/225332.098:ERROR:process_reader_win.cc(151)] SuspendThread: Accès refusé. (0x5)
[0928/225332.098:ERROR:process_reader_win.cc(151)] SuspendThread: Accès refusé. (0x5)
[0928/225332.098:ERROR:process_reader_win.cc(151)] SuspendThread: Accès refusé. (0x5)
[0928/225332.098:ERROR:process_reader_win.cc(151)] SuspendThread: Accès refusé. (0x5)
[0928/225332.098:ERROR:process_reader_win.cc(151)] SuspendThread: Accès refusé. (0x5)
[0928/225332.098:ERROR:process_reader_win.cc(151)] SuspendThread: Accès refusé. (0x5)
[0928/230622.477:ERROR:process_reader_win.cc(151)] SuspendThread: Accès refusé. (0x5)
[0928/230622.480:ERROR:process_reader_win.cc(151)] SuspendThread: Accès refusé. (0x5)
